
======================   ALLOCATED NODES   ======================
	wn101: flags=0x11 slots=4 max_slots=0 slots_inuse=0 state=UP
=================================================================
00000100100100000000
00001011000101000010
10000001000000010010
00000011100110000100
00001000000100010010
10000001000001101000
00010011000011000001
00000010001100110010
00100100010101000001
00000010110000000011
00000000010000000000
00000100001000000001
01010110000000000100
00101000100001001100
00000000110000010000
11100100110100000010
10010010101111001110
00001100000100110101
00100101100010011100
11100100000100110010

00000000011010000000
00000000101111000011
00000000000101100000
00000011000001110000
00000000100000110000
00000000000000110000
00000000000000000000
00000000000000000000
00000000000000000000
00000000111000000000
00000000001000000000
10000000000110000001
00000000001010000010
00110000000000000010
00000100000011000010
00000010000000000001
11110010011000010000
00011100011100000000
00000000000101110000
00000000011000000000

